<?xml version="1.0" encoding="UTF-8"?>
<testsuites name="jest tests" tests="94" failures="32" errors="0" time="7.168">
  <testsuite name="localStorage utilities" errors="0" failures="0" skipped="0" timestamp="2025-08-11T00:56:44" time="0.503" tests="12">
    <testcase classname="localStorage utilities Customer management should store and retrieve customers correctly" name="localStorage utilities Customer management should store and retrieve customers correctly" time="0.002">
    </testcase>
    <testcase classname="localStorage utilities Customer management should handle empty customers array" name="localStorage utilities Customer management should handle empty customers array" time="0.001">
    </testcase>
    <testcase classname="localStorage utilities Customer management should handle null localStorage value" name="localStorage utilities Customer management should handle null localStorage value" time="0.001">
    </testcase>
    <testcase classname="localStorage utilities Group classes management should store and retrieve group classes" name="localStorage utilities Group classes management should store and retrieve group classes" time="0.001">
    </testcase>
    <testcase classname="localStorage utilities Group classes management should handle class enrollment updates" name="localStorage utilities Group classes management should handle class enrollment updates" time="0">
    </testcase>
    <testcase classname="localStorage utilities Available slots management should store and retrieve available slots" name="localStorage utilities Available slots management should store and retrieve available slots" time="0">
    </testcase>
    <testcase classname="localStorage utilities Available slots management should handle slot booking updates" name="localStorage utilities Available slots management should handle slot booking updates" time="0.001">
    </testcase>
    <testcase classname="localStorage utilities Bookings management should store and retrieve bookings" name="localStorage utilities Bookings management should store and retrieve bookings" time="0">
    </testcase>
    <testcase classname="localStorage utilities Data validation should validate email format" name="localStorage utilities Data validation should validate email format" time="0">
    </testcase>
    <testcase classname="localStorage utilities Data validation should validate date objects" name="localStorage utilities Data validation should validate date objects" time="0.001">
    </testcase>
    <testcase classname="localStorage utilities Error handling should handle JSON parsing errors gracefully" name="localStorage utilities Error handling should handle JSON parsing errors gracefully" time="0.001">
    </testcase>
    <testcase classname="localStorage utilities Error handling should handle localStorage access errors" name="localStorage utilities Error handling should handle localStorage access errors" time="0">
    </testcase>
  </testsuite>
  <testsuite name="undefined" errors="0" failures="0" skipped="0" timestamp="2025-08-11T00:56:44" time="1.022" tests="2">
    <testcase classname=" renders login page for unauthenticated users" name=" renders login page for unauthenticated users" time="0.098">
    </testcase>
    <testcase classname=" renders customer login form by default" name=" renders customer login form by default" time="0.012">
    </testcase>
  </testsuite>
  <testsuite name="GroupClasses Component" errors="0" failures="15" skipped="0" timestamp="2025-08-11T00:56:44" time="1.295" tests="16">
    <testcase classname="GroupClasses Component renders group classes list" name="GroupClasses Component renders group classes list" time="0.221">
      <failure>TestingLibraryElementError: Unable to find an element with the text: Group Classes. This could be because the text is broken up by multiple elements. In this case, you can provide a function for your text matcher to make your matcher more flexible.

Ignored nodes: comments, script, style
&lt;body&gt;
  &lt;div&gt;
    &lt;div
      class=&quot;group-classes&quot;
    &gt;
      &lt;div
        class=&quot;card&quot;
      &gt;
        &lt;h2&gt;
          🐩 Group Training Classes 🐩
        &lt;/h2&gt;
        &lt;div
          class=&quot;enrollment-form&quot;
        &gt;
          &lt;h3&gt;
            Client Information
          &lt;/h3&gt;
          &lt;div
            class=&quot;form-row&quot;
          &gt;
            &lt;input
              placeholder=&quot;Your Name&quot;
              type=&quot;text&quot;
              value=&quot;&quot;
            /&gt;
            &lt;input
              placeholder=&quot;Your Email&quot;
              type=&quot;email&quot;
              value=&quot;&quot;
            /&gt;
          &lt;/div&gt;
        &lt;/div&gt;
        &lt;div
          class=&quot;classes-grid&quot;
        &gt;
          &lt;div
            class=&quot;class-card&quot;
          &gt;
            &lt;div
              class=&quot;class-header&quot;
            &gt;
              &lt;h3&gt;
                Foundation Skills
              &lt;/h3&gt;
              &lt;span
                class=&quot;level-badge&quot;
                style=&quot;background-color: rgb(233, 30, 99);&quot;
              &gt;
                Introductory skills
              &lt;/span&gt;
            &lt;/div&gt;
            &lt;p
              class=&quot;class-description&quot;
            &gt;
              Perfect for dogs learning their first commands!
            &lt;/p&gt;
            &lt;div
              class=&quot;class-details&quot;
            &gt;
              &lt;div
                class=&quot;detail-item&quot;
              &gt;
                &lt;strong&gt;
                  📅 Schedule:
                &lt;/strong&gt;
                 
                Tuesdays &amp; Thursdays, 10:00 AM - 11:00 AM
              &lt;/div&gt;
              &lt;div
                class=&quot;detail-item&quot;
              &gt;
                &lt;strong&gt;
                  💰 Price:
                &lt;/strong&gt;
                 $
                120
                 (4 weeks)
              &lt;/div&gt;
              &lt;div
                class=&quot;detail-item&quot;
              &gt;
                &lt;strong&gt;
                  👥 Spots Available:
                &lt;/strong&gt;
                &lt;span
                  class=&quot;full&quot;
                &gt;
                  0
                   / 
                  8
                &lt;/span&gt;
              &lt;/div&gt;
            &lt;/div&gt;
            &lt;button
              class=&quot;btn enroll-btn&quot;
              disabled=&quot;&quot;
            &gt;
              Join Waitlist 📝
            &lt;/button&gt;
          &lt;/div&gt;
          &lt;div
            class=&quot;class-card&quot;
          &gt;
            &lt;div
              class=&quot;class-header&quot;
            &gt;
              &lt;h3&gt;
                Puppy Foundations
              &lt;/h3&gt;
              &lt;span
                class=&quot;level-badge&quot;
                style=&quot;background-color: rgb(233, 30, 99);&quot;
              &gt;
                Puppy
              &lt;/span&gt;
            &lt;/div&gt;
            &lt;p
              class=&quot;class-description&quot;
            &gt;
              Socialization and basic training for puppies 8-16 weeks old.
            &lt;/p&gt;
            &lt;div
              class=&quot;class-details&quot;
            &gt;
              &lt;div
                class=&quot;detail-item&quot;
              &gt;
                &lt;strong&gt;
                  📅 Schedule:
                &lt;/strong&gt;
                 
                Saturdays, 2:00 PM - 3:30 PM
              &lt;/div&gt;
              &lt;div
                class=&quot;detail-item&quot;
              &gt;
                &lt;strong&gt;
                  💰 Price:
                &lt;/strong&gt;
                 $
                180
                 (4 weeks)
              &lt;/div&gt;
              &lt;div
                class=&quot;detail-item&quot;
              &gt;
                &lt;strong&gt;
                  👥 Spots Available:
                &lt;/strong&gt;
                &lt;span
                  class=&quot;available&quot;
                &gt;
                  5
                   / 
                  6
                &lt;/span&gt;
              &lt;/div&gt;
            &lt;/div&gt;
            &lt;button
              class=&quot;btn enroll-btn&quot;
              disabled=&quot;&quot;
            &gt;
              Enroll Now! 💖
            &lt;/button&gt;
            &lt;div
              class=&quot;enrolled-list&quot;
            &gt;
              &lt;strong&gt;
                Enrolled Students:
              &lt;/strong&gt;
              &lt;ul&gt;
                &lt;li&gt;
                  John Doe (john@example.com)
                  &lt;button
                    class=&quot;cancel-btn&quot;
                    title=&quot;Cancel enrollment&quot;
                  &gt;
                    ❌
                  &lt;/button&gt;
                &lt;/li&gt;
                &lt;li&gt;
                  Jane Smith (jane@example.com)
                  &lt;button
                    class=&quot;cancel-btn&quot;
                    title=&quot;Cancel enrollment&quot;
                  &gt;
                    ❌
                  &lt;/button&gt;
                &lt;/li&gt;
                &lt;li&gt;
                  Bob Wilson (bob@example.com)
                  &lt;button
                    class=&quot;cancel-btn&quot;
                    title=&quot;Cancel enrollment&quot;
                  &gt;
                    ❌
                  &lt;/button&gt;
                &lt;/li&gt;
                &lt;li&gt;
                  Alice Brown (alice@example.com)
                  &lt;button
                    class=&quot;cancel-btn&quot;
                    title=&quot;Cancel enrollment&quot;
                  &gt;
                    ❌
                  &lt;/button&gt;
                &lt;/li&gt;
                &lt;li&gt;
                  Charlie Davis (charlie@example.com)
                  &lt;button
                    class=&quot;cancel-btn&quot;
                    title=&quot;Cancel enrollment&quot;
                  &gt;
                    ❌
                  &lt;/button&gt;
                &lt;/li&gt;
              &lt;/ul&gt;
            &lt;/div&gt;
          &lt;/div&gt;
        &lt;/div&gt;
      &lt;/div&gt;
    &lt;/div&gt;
  &lt;/div&gt;
&lt;/body&gt;
    at Object.getElementError (/Users/nathanaronson/amp/dog-training-scheduler/node_modules/@testing-library/dom/dist/config.js:37:19)
    at /Users/nathanaronson/amp/dog-training-scheduler/node_modules/@testing-library/dom/dist/query-helpers.js:76:38
    at /Users/nathanaronson/amp/dog-training-scheduler/node_modules/@testing-library/dom/dist/query-helpers.js:52:17
    at getByText (/Users/nathanaronson/amp/dog-training-scheduler/node_modules/@testing-library/dom/dist/query-helpers.js:95:19)
    at Object.&lt;anonymous&gt; (/Users/nathanaronson/amp/dog-training-scheduler/src/components/GroupClasses.test.tsx:58:19)
    at Promise.then.completed (/Users/nathanaronson/amp/dog-training-scheduler/node_modules/jest-circus/build/utils.js:391:28)
    at new Promise (&lt;anonymous&gt;)
    at callAsyncCircusFn (/Users/nathanaronson/amp/dog-training-scheduler/node_modules/jest-circus/build/utils.js:316:10)
    at _callCircusTest (/Users/nathanaronson/amp/dog-training-scheduler/node_modules/jest-circus/build/run.js:218:40)
    at processTicksAndRejections (node:internal/process/task_queues:105:5)
    at _runTest (/Users/nathanaronson/amp/dog-training-scheduler/node_modules/jest-circus/build/run.js:155:3)
    at _runTestsForDescribeBlock (/Users/nathanaronson/amp/dog-training-scheduler/node_modules/jest-circus/build/run.js:66:9)
    at _runTestsForDescribeBlock (/Users/nathanaronson/amp/dog-training-scheduler/node_modules/jest-circus/build/run.js:60:9)
    at run (/Users/nathanaronson/amp/dog-training-scheduler/node_modules/jest-circus/build/run.js:25:3)
    at runAndTransformResultsToJestFormat (/Users/nathanaronson/amp/dog-training-scheduler/node_modules/jest-circus/build/legacy-code-todo-rewrite/jestAdapterInit.js:170:21)
    at jestAdapter (/Users/nathanaronson/amp/dog-training-scheduler/node_modules/jest-circus/build/legacy-code-todo-rewrite/jestAdapter.js:82:19)
    at runTestInternal (/Users/nathanaronson/amp/dog-training-scheduler/node_modules/jest-runner/build/runTest.js:389:16)
    at runTest (/Users/nathanaronson/amp/dog-training-scheduler/node_modules/jest-runner/build/runTest.js:475:34)
    at Object.worker (/Users/nathanaronson/amp/dog-training-scheduler/node_modules/jest-runner/build/testWorker.js:133:12)</failure>
    </testcase>
    <testcase classname="GroupClasses Component displays class information correctly" name="GroupClasses Component displays class information correctly" time="0.045">
      <failure>TestingLibraryElementError: Unable to find an element with the text: $120. This could be because the text is broken up by multiple elements. In this case, you can provide a function for your text matcher to make your matcher more flexible.

Ignored nodes: comments, script, style
&lt;body&gt;
  &lt;div&gt;
    &lt;div
      class=&quot;group-classes&quot;
    &gt;
      &lt;div
        class=&quot;card&quot;
      &gt;
        &lt;h2&gt;
          🐩 Group Training Classes 🐩
        &lt;/h2&gt;
        &lt;div
          class=&quot;enrollment-form&quot;
        &gt;
          &lt;h3&gt;
            Client Information
          &lt;/h3&gt;
          &lt;div
            class=&quot;form-row&quot;
          &gt;
            &lt;input
              placeholder=&quot;Your Name&quot;
              type=&quot;text&quot;
              value=&quot;&quot;
            /&gt;
            &lt;input
              placeholder=&quot;Your Email&quot;
              type=&quot;email&quot;
              value=&quot;&quot;
            /&gt;
          &lt;/div&gt;
        &lt;/div&gt;
        &lt;div
          class=&quot;classes-grid&quot;
        &gt;
          &lt;div
            class=&quot;class-card&quot;
          &gt;
            &lt;div
              class=&quot;class-header&quot;
            &gt;
              &lt;h3&gt;
                Foundation Skills
              &lt;/h3&gt;
              &lt;span
                class=&quot;level-badge&quot;
                style=&quot;background-color: rgb(233, 30, 99);&quot;
              &gt;
                Introductory skills
              &lt;/span&gt;
            &lt;/div&gt;
            &lt;p
              class=&quot;class-description&quot;
            &gt;
              Perfect for dogs learning their first commands!
            &lt;/p&gt;
            &lt;div
              class=&quot;class-details&quot;
            &gt;
              &lt;div
                class=&quot;detail-item&quot;
              &gt;
                &lt;strong&gt;
                  📅 Schedule:
                &lt;/strong&gt;
                 
                Tuesdays &amp; Thursdays, 10:00 AM - 11:00 AM
              &lt;/div&gt;
              &lt;div
                class=&quot;detail-item&quot;
              &gt;
                &lt;strong&gt;
                  💰 Price:
                &lt;/strong&gt;
                 $
                120
                 (4 weeks)
              &lt;/div&gt;
              &lt;div
                class=&quot;detail-item&quot;
              &gt;
                &lt;strong&gt;
                  👥 Spots Available:
                &lt;/strong&gt;
                &lt;span
                  class=&quot;full&quot;
                &gt;
                  0
                   / 
                  8
                &lt;/span&gt;
              &lt;/div&gt;
            &lt;/div&gt;
            &lt;button
              class=&quot;btn enroll-btn&quot;
              disabled=&quot;&quot;
            &gt;
              Join Waitlist 📝
            &lt;/button&gt;
          &lt;/div&gt;
          &lt;div
            class=&quot;class-card&quot;
          &gt;
            &lt;div
              class=&quot;class-header&quot;
            &gt;
              &lt;h3&gt;
                Puppy Foundations
              &lt;/h3&gt;
              &lt;span
                class=&quot;level-badge&quot;
                style=&quot;background-color: rgb(233, 30, 99);&quot;
              &gt;
                Puppy
              &lt;/span&gt;
            &lt;/div&gt;
            &lt;p
              class=&quot;class-description&quot;
            &gt;
              Socialization and basic training for puppies 8-16 weeks old.
            &lt;/p&gt;
            &lt;div
              class=&quot;class-details&quot;
            &gt;
              &lt;div
                class=&quot;detail-item&quot;
              &gt;
                &lt;strong&gt;
                  📅 Schedule:
                &lt;/strong&gt;
                 
                Saturdays, 2:00 PM - 3:30 PM
              &lt;/div&gt;
              &lt;div
                class=&quot;detail-item&quot;
              &gt;
                &lt;strong&gt;
                  💰 Price:
                &lt;/strong&gt;
                 $
                180
                 (4 weeks)
              &lt;/div&gt;
              &lt;div
                class=&quot;detail-item&quot;
              &gt;
                &lt;strong&gt;
                  👥 Spots Available:
                &lt;/strong&gt;
                &lt;span
                  class=&quot;available&quot;
                &gt;
                  5
                   / 
                  6
                &lt;/span&gt;
              &lt;/div&gt;
            &lt;/div&gt;
            &lt;button
              class=&quot;btn enroll-btn&quot;
              disabled=&quot;&quot;
            &gt;
              Enroll Now! 💖
            &lt;/button&gt;
            &lt;div
              class=&quot;enrolled-list&quot;
            &gt;
              &lt;strong&gt;
                Enrolled Students:
              &lt;/strong&gt;
              &lt;ul&gt;
                &lt;li&gt;
                  John Doe (john@example.com)
                  &lt;button
                    class=&quot;cancel-btn&quot;
                    title=&quot;Cancel enrollment&quot;
                  &gt;
                    ❌
                  &lt;/button&gt;
                &lt;/li&gt;
                &lt;li&gt;
                  Jane Smith (jane@example.com)
                  &lt;button
                    class=&quot;cancel-btn&quot;
                    title=&quot;Cancel enrollment&quot;
                  &gt;
                    ❌
                  &lt;/button&gt;
                &lt;/li&gt;
                &lt;li&gt;
                  Bob Wilson (bob@example.com)
                  &lt;button
                    class=&quot;cancel-btn&quot;
                    title=&quot;Cancel enrollment&quot;
                  &gt;
                    ❌
                  &lt;/button&gt;
                &lt;/li&gt;
                &lt;li&gt;
                  Alice Brown (alice@example.com)
                  &lt;button
                    class=&quot;cancel-btn&quot;
                    title=&quot;Cancel enrollment&quot;
                  &gt;
                    ❌
                  &lt;/button&gt;
                &lt;/li&gt;
                &lt;li&gt;
                  Charlie Davis (charlie@example.com)
                  &lt;button
                    class=&quot;cancel-btn&quot;
                    title=&quot;Cancel enrollment&quot;
                  &gt;
                    ❌
                  &lt;/button&gt;
                &lt;/li&gt;
              &lt;/ul&gt;
            &lt;/div&gt;
          &lt;/div&gt;
        &lt;/div&gt;
      &lt;/div&gt;
    &lt;/div&gt;
  &lt;/div&gt;
&lt;/body&gt;
    at Object.getElementError (/Users/nathanaronson/amp/dog-training-scheduler/node_modules/@testing-library/dom/dist/config.js:37:19)
    at /Users/nathanaronson/amp/dog-training-scheduler/node_modules/@testing-library/dom/dist/query-helpers.js:76:38
    at /Users/nathanaronson/amp/dog-training-scheduler/node_modules/@testing-library/dom/dist/query-helpers.js:52:17
    at getByText (/Users/nathanaronson/amp/dog-training-scheduler/node_modules/@testing-library/dom/dist/query-helpers.js:95:19)
    at Object.&lt;anonymous&gt; (/Users/nathanaronson/amp/dog-training-scheduler/src/components/GroupClasses.test.tsx:68:19)
    at Promise.then.completed (/Users/nathanaronson/amp/dog-training-scheduler/node_modules/jest-circus/build/utils.js:391:28)
    at new Promise (&lt;anonymous&gt;)
    at callAsyncCircusFn (/Users/nathanaronson/amp/dog-training-scheduler/node_modules/jest-circus/build/utils.js:316:10)
    at _callCircusTest (/Users/nathanaronson/amp/dog-training-scheduler/node_modules/jest-circus/build/run.js:218:40)
    at processTicksAndRejections (node:internal/process/task_queues:105:5)
    at _runTest (/Users/nathanaronson/amp/dog-training-scheduler/node_modules/jest-circus/build/run.js:155:3)
    at _runTestsForDescribeBlock (/Users/nathanaronson/amp/dog-training-scheduler/node_modules/jest-circus/build/run.js:66:9)
    at _runTestsForDescribeBlock (/Users/nathanaronson/amp/dog-training-scheduler/node_modules/jest-circus/build/run.js:60:9)
    at run (/Users/nathanaronson/amp/dog-training-scheduler/node_modules/jest-circus/build/run.js:25:3)
    at runAndTransformResultsToJestFormat (/Users/nathanaronson/amp/dog-training-scheduler/node_modules/jest-circus/build/legacy-code-todo-rewrite/jestAdapterInit.js:170:21)
    at jestAdapter (/Users/nathanaronson/amp/dog-training-scheduler/node_modules/jest-circus/build/legacy-code-todo-rewrite/jestAdapter.js:82:19)
    at runTestInternal (/Users/nathanaronson/amp/dog-training-scheduler/node_modules/jest-runner/build/runTest.js:389:16)
    at runTest (/Users/nathanaronson/amp/dog-training-scheduler/node_modules/jest-runner/build/runTest.js:475:34)
    at Object.worker (/Users/nathanaronson/amp/dog-training-scheduler/node_modules/jest-runner/build/testWorker.js:133:12)</failure>
    </testcase>
    <testcase classname="GroupClasses Component shows different enrollment statuses" name="GroupClasses Component shows different enrollment statuses" time="0.025">
      <failure>TestingLibraryElementError: Unable to find an element with the text: 0/8 enrolled. This could be because the text is broken up by multiple elements. In this case, you can provide a function for your text matcher to make your matcher more flexible.

Ignored nodes: comments, script, style
&lt;body&gt;
  &lt;div&gt;
    &lt;div
      class=&quot;group-classes&quot;
    &gt;
      &lt;div
        class=&quot;card&quot;
      &gt;
        &lt;h2&gt;
          🐩 Group Training Classes 🐩
        &lt;/h2&gt;
        &lt;div
          class=&quot;enrollment-form&quot;
        &gt;
          &lt;h3&gt;
            Client Information
          &lt;/h3&gt;
          &lt;div
            class=&quot;form-row&quot;
          &gt;
            &lt;input
              placeholder=&quot;Your Name&quot;
              type=&quot;text&quot;
              value=&quot;&quot;
            /&gt;
            &lt;input
              placeholder=&quot;Your Email&quot;
              type=&quot;email&quot;
              value=&quot;&quot;
            /&gt;
          &lt;/div&gt;
        &lt;/div&gt;
        &lt;div
          class=&quot;classes-grid&quot;
        &gt;
          &lt;div
            class=&quot;class-card&quot;
          &gt;
            &lt;div
              class=&quot;class-header&quot;
            &gt;
              &lt;h3&gt;
                Foundation Skills
              &lt;/h3&gt;
              &lt;span
                class=&quot;level-badge&quot;
                style=&quot;background-color: rgb(233, 30, 99);&quot;
              &gt;
                Introductory skills
              &lt;/span&gt;
            &lt;/div&gt;
            &lt;p
              class=&quot;class-description&quot;
            &gt;
              Perfect for dogs learning their first commands!
            &lt;/p&gt;
            &lt;div
              class=&quot;class-details&quot;
            &gt;
              &lt;div
                class=&quot;detail-item&quot;
              &gt;
                &lt;strong&gt;
                  📅 Schedule:
                &lt;/strong&gt;
                 
                Tuesdays &amp; Thursdays, 10:00 AM - 11:00 AM
              &lt;/div&gt;
              &lt;div
                class=&quot;detail-item&quot;
              &gt;
                &lt;strong&gt;
                  💰 Price:
                &lt;/strong&gt;
                 $
                120
                 (4 weeks)
              &lt;/div&gt;
              &lt;div
                class=&quot;detail-item&quot;
              &gt;
                &lt;strong&gt;
                  👥 Spots Available:
                &lt;/strong&gt;
                &lt;span
                  class=&quot;full&quot;
                &gt;
                  0
                   / 
                  8
                &lt;/span&gt;
              &lt;/div&gt;
            &lt;/div&gt;
            &lt;button
              class=&quot;btn enroll-btn&quot;
              disabled=&quot;&quot;
            &gt;
              Join Waitlist 📝
            &lt;/button&gt;
          &lt;/div&gt;
          &lt;div
            class=&quot;class-card&quot;
          &gt;
            &lt;div
              class=&quot;class-header&quot;
            &gt;
              &lt;h3&gt;
                Puppy Foundations
              &lt;/h3&gt;
              &lt;span
                class=&quot;level-badge&quot;
                style=&quot;background-color: rgb(233, 30, 99);&quot;
              &gt;
                Puppy
              &lt;/span&gt;
            &lt;/div&gt;
            &lt;p
              class=&quot;class-description&quot;
            &gt;
              Socialization and basic training for puppies 8-16 weeks old.
            &lt;/p&gt;
            &lt;div
              class=&quot;class-details&quot;
            &gt;
              &lt;div
                class=&quot;detail-item&quot;
              &gt;
                &lt;strong&gt;
                  📅 Schedule:
                &lt;/strong&gt;
                 
                Saturdays, 2:00 PM - 3:30 PM
              &lt;/div&gt;
              &lt;div
                class=&quot;detail-item&quot;
              &gt;
                &lt;strong&gt;
                  💰 Price:
                &lt;/strong&gt;
                 $
                180
                 (4 weeks)
              &lt;/div&gt;
              &lt;div
                class=&quot;detail-item&quot;
              &gt;
                &lt;strong&gt;
                  👥 Spots Available:
                &lt;/strong&gt;
                &lt;span
                  class=&quot;available&quot;
                &gt;
                  5
                   / 
                  6
                &lt;/span&gt;
              &lt;/div&gt;
            &lt;/div&gt;
            &lt;button
              class=&quot;btn enroll-btn&quot;
              disabled=&quot;&quot;
            &gt;
              Enroll Now! 💖
            &lt;/button&gt;
            &lt;div
              class=&quot;enrolled-list&quot;
            &gt;
              &lt;strong&gt;
                Enrolled Students:
              &lt;/strong&gt;
              &lt;ul&gt;
                &lt;li&gt;
                  John Doe (john@example.com)
                  &lt;button
                    class=&quot;cancel-btn&quot;
                    title=&quot;Cancel enrollment&quot;
                  &gt;
                    ❌
                  &lt;/button&gt;
                &lt;/li&gt;
                &lt;li&gt;
                  Jane Smith (jane@example.com)
                  &lt;button
                    class=&quot;cancel-btn&quot;
                    title=&quot;Cancel enrollment&quot;
                  &gt;
                    ❌
                  &lt;/button&gt;
                &lt;/li&gt;
                &lt;li&gt;
                  Bob Wilson (bob@example.com)
                  &lt;button
                    class=&quot;cancel-btn&quot;
                    title=&quot;Cancel enrollment&quot;
                  &gt;
                    ❌
                  &lt;/button&gt;
                &lt;/li&gt;
                &lt;li&gt;
                  Alice Brown (alice@example.com)
                  &lt;button
                    class=&quot;cancel-btn&quot;
                    title=&quot;Cancel enrollment&quot;
                  &gt;
                    ❌
                  &lt;/button&gt;
                &lt;/li&gt;
                &lt;li&gt;
                  Charlie Davis (charlie@example.com)
                  &lt;button
                    class=&quot;cancel-btn&quot;
                    title=&quot;Cancel enrollment&quot;
                  &gt;
                    ❌
                  &lt;/button&gt;
                &lt;/li&gt;
              &lt;/ul&gt;
            &lt;/div&gt;
          &lt;/div&gt;
        &lt;/div&gt;
      &lt;/div&gt;
    &lt;/div&gt;
  &lt;/div&gt;
&lt;/body&gt;
    at Object.getElementError (/Users/nathanaronson/amp/dog-training-scheduler/node_modules/@testing-library/dom/dist/config.js:37:19)
    at /Users/nathanaronson/amp/dog-training-scheduler/node_modules/@testing-library/dom/dist/query-helpers.js:76:38
    at /Users/nathanaronson/amp/dog-training-scheduler/node_modules/@testing-library/dom/dist/query-helpers.js:52:17
    at getByText (/Users/nathanaronson/amp/dog-training-scheduler/node_modules/@testing-library/dom/dist/query-helpers.js:95:19)
    at Object.&lt;anonymous&gt; (/Users/nathanaronson/amp/dog-training-scheduler/src/components/GroupClasses.test.tsx:76:19)
    at Promise.then.completed (/Users/nathanaronson/amp/dog-training-scheduler/node_modules/jest-circus/build/utils.js:391:28)
    at new Promise (&lt;anonymous&gt;)
    at callAsyncCircusFn (/Users/nathanaronson/amp/dog-training-scheduler/node_modules/jest-circus/build/utils.js:316:10)
    at _callCircusTest (/Users/nathanaronson/amp/dog-training-scheduler/node_modules/jest-circus/build/run.js:218:40)
    at processTicksAndRejections (node:internal/process/task_queues:105:5)
    at _runTest (/Users/nathanaronson/amp/dog-training-scheduler/node_modules/jest-circus/build/run.js:155:3)
    at _runTestsForDescribeBlock (/Users/nathanaronson/amp/dog-training-scheduler/node_modules/jest-circus/build/run.js:66:9)
    at _runTestsForDescribeBlock (/Users/nathanaronson/amp/dog-training-scheduler/node_modules/jest-circus/build/run.js:60:9)
    at run (/Users/nathanaronson/amp/dog-training-scheduler/node_modules/jest-circus/build/run.js:25:3)
    at runAndTransformResultsToJestFormat (/Users/nathanaronson/amp/dog-training-scheduler/node_modules/jest-circus/build/legacy-code-todo-rewrite/jestAdapterInit.js:170:21)
    at jestAdapter (/Users/nathanaronson/amp/dog-training-scheduler/node_modules/jest-circus/build/legacy-code-todo-rewrite/jestAdapter.js:82:19)
    at runTestInternal (/Users/nathanaronson/amp/dog-training-scheduler/node_modules/jest-runner/build/runTest.js:389:16)
    at runTest (/Users/nathanaronson/amp/dog-training-scheduler/node_modules/jest-runner/build/runTest.js:475:34)
    at Object.worker (/Users/nathanaronson/amp/dog-training-scheduler/node_modules/jest-runner/build/testWorker.js:133:12)</failure>
    </testcase>
    <testcase classname="GroupClasses Component displays correct level colors" name="GroupClasses Component displays correct level colors" time="0.053">
      <failure>Error: expect(element).toHaveStyle()

- Expected

- backgroundColor: rgb(76, 175, 80);
    at Object.&lt;anonymous&gt; (/Users/nathanaronson/amp/dog-training-scheduler/src/components/GroupClasses.test.tsx:88:45)
    at Promise.then.completed (/Users/nathanaronson/amp/dog-training-scheduler/node_modules/jest-circus/build/utils.js:391:28)
    at new Promise (&lt;anonymous&gt;)
    at callAsyncCircusFn (/Users/nathanaronson/amp/dog-training-scheduler/node_modules/jest-circus/build/utils.js:316:10)
    at _callCircusTest (/Users/nathanaronson/amp/dog-training-scheduler/node_modules/jest-circus/build/run.js:218:40)
    at processTicksAndRejections (node:internal/process/task_queues:105:5)
    at _runTest (/Users/nathanaronson/amp/dog-training-scheduler/node_modules/jest-circus/build/run.js:155:3)
    at _runTestsForDescribeBlock (/Users/nathanaronson/amp/dog-training-scheduler/node_modules/jest-circus/build/run.js:66:9)
    at _runTestsForDescribeBlock (/Users/nathanaronson/amp/dog-training-scheduler/node_modules/jest-circus/build/run.js:60:9)
    at run (/Users/nathanaronson/amp/dog-training-scheduler/node_modules/jest-circus/build/run.js:25:3)
    at runAndTransformResultsToJestFormat (/Users/nathanaronson/amp/dog-training-scheduler/node_modules/jest-circus/build/legacy-code-todo-rewrite/jestAdapterInit.js:170:21)
    at jestAdapter (/Users/nathanaronson/amp/dog-training-scheduler/node_modules/jest-circus/build/legacy-code-todo-rewrite/jestAdapter.js:82:19)
    at runTestInternal (/Users/nathanaronson/amp/dog-training-scheduler/node_modules/jest-runner/build/runTest.js:389:16)
    at runTest (/Users/nathanaronson/amp/dog-training-scheduler/node_modules/jest-runner/build/runTest.js:475:34)
    at Object.worker (/Users/nathanaronson/amp/dog-training-scheduler/node_modules/jest-runner/build/testWorker.js:133:12)</failure>
    </testcase>
    <testcase classname="GroupClasses Component opens enrollment modal when enroll button is clicked" name="GroupClasses Component opens enrollment modal when enroll button is clicked" time="0.018">
      <failure>TestingLibraryElementError: Unable to find an element with the text: Enroll Now. This could be because the text is broken up by multiple elements. In this case, you can provide a function for your text matcher to make your matcher more flexible.

Ignored nodes: comments, script, style
&lt;body&gt;
  &lt;div&gt;
    &lt;div
      class=&quot;group-classes&quot;
    &gt;
      &lt;div
        class=&quot;card&quot;
      &gt;
        &lt;h2&gt;
          🐩 Group Training Classes 🐩
        &lt;/h2&gt;
        &lt;div
          class=&quot;enrollment-form&quot;
        &gt;
          &lt;h3&gt;
            Client Information
          &lt;/h3&gt;
          &lt;div
            class=&quot;form-row&quot;
          &gt;
            &lt;input
              placeholder=&quot;Your Name&quot;
              type=&quot;text&quot;
              value=&quot;&quot;
            /&gt;
            &lt;input
              placeholder=&quot;Your Email&quot;
              type=&quot;email&quot;
              value=&quot;&quot;
            /&gt;
          &lt;/div&gt;
        &lt;/div&gt;
        &lt;div
          class=&quot;classes-grid&quot;
        &gt;
          &lt;div
            class=&quot;class-card&quot;
          &gt;
            &lt;div
              class=&quot;class-header&quot;
            &gt;
              &lt;h3&gt;
                Foundation Skills
              &lt;/h3&gt;
              &lt;span
                class=&quot;level-badge&quot;
                style=&quot;background-color: rgb(233, 30, 99);&quot;
              &gt;
                Introductory skills
              &lt;/span&gt;
            &lt;/div&gt;
            &lt;p
              class=&quot;class-description&quot;
            &gt;
              Perfect for dogs learning their first commands!
            &lt;/p&gt;
            &lt;div
              class=&quot;class-details&quot;
            &gt;
              &lt;div
                class=&quot;detail-item&quot;
              &gt;
                &lt;strong&gt;
                  📅 Schedule:
                &lt;/strong&gt;
                 
                Tuesdays &amp; Thursdays, 10:00 AM - 11:00 AM
              &lt;/div&gt;
              &lt;div
                class=&quot;detail-item&quot;
              &gt;
                &lt;strong&gt;
                  💰 Price:
                &lt;/strong&gt;
                 $
                120
                 (4 weeks)
              &lt;/div&gt;
              &lt;div
                class=&quot;detail-item&quot;
              &gt;
                &lt;strong&gt;
                  👥 Spots Available:
                &lt;/strong&gt;
                &lt;span
                  class=&quot;full&quot;
                &gt;
                  0
                   / 
                  8
                &lt;/span&gt;
              &lt;/div&gt;
            &lt;/div&gt;
            &lt;button
              class=&quot;btn enroll-btn&quot;
              disabled=&quot;&quot;
            &gt;
              Join Waitlist 📝
            &lt;/button&gt;
          &lt;/div&gt;
          &lt;div
            class=&quot;class-card&quot;
          &gt;
            &lt;div
              class=&quot;class-header&quot;
            &gt;
              &lt;h3&gt;
                Puppy Foundations
              &lt;/h3&gt;
              &lt;span
                class=&quot;level-badge&quot;
                style=&quot;background-color: rgb(233, 30, 99);&quot;
              &gt;
                Puppy
              &lt;/span&gt;
            &lt;/div&gt;
            &lt;p
              class=&quot;class-description&quot;
            &gt;
              Socialization and basic training for puppies 8-16 weeks old.
            &lt;/p&gt;
            &lt;div
              class=&quot;class-details&quot;
            &gt;
              &lt;div
                class=&quot;detail-item&quot;
              &gt;
                &lt;strong&gt;
                  📅 Schedule:
                &lt;/strong&gt;
                 
                Saturdays, 2:00 PM - 3:30 PM
              &lt;/div&gt;
              &lt;div
                class=&quot;detail-item&quot;
              &gt;
                &lt;strong&gt;
                  💰 Price:
                &lt;/strong&gt;
                 $
                180
                 (4 weeks)
              &lt;/div&gt;
              &lt;div
                class=&quot;detail-item&quot;
              &gt;
                &lt;strong&gt;
                  👥 Spots Available:
                &lt;/strong&gt;
                &lt;span
                  class=&quot;available&quot;
                &gt;
                  5
                   / 
                  6
                &lt;/span&gt;
              &lt;/div&gt;
            &lt;/div&gt;
            &lt;button
              class=&quot;btn enroll-btn&quot;
              disabled=&quot;&quot;
            &gt;
              Enroll Now! 💖
            &lt;/button&gt;
            &lt;div
              class=&quot;enrolled-list&quot;
            &gt;
              &lt;strong&gt;
                Enrolled Students:
              &lt;/strong&gt;
              &lt;ul&gt;
                &lt;li&gt;
                  John Doe (john@example.com)
                  &lt;button
                    class=&quot;cancel-btn&quot;
                    title=&quot;Cancel enrollment&quot;
                  &gt;
                    ❌
                  &lt;/button&gt;
                &lt;/li&gt;
                &lt;li&gt;
                  Jane Smith (jane@example.com)
                  &lt;button
                    class=&quot;cancel-btn&quot;
                    title=&quot;Cancel enrollment&quot;
                  &gt;
                    ❌
                  &lt;/button&gt;
                &lt;/li&gt;
                &lt;li&gt;
                  Bob Wilson (bob@example.com)
                  &lt;button
                    class=&quot;cancel-btn&quot;
                    title=&quot;Cancel enrollment&quot;
                  &gt;
                    ❌
                  &lt;/button&gt;
                &lt;/li&gt;
                &lt;li&gt;
                  Alice Brown (alice@example.com)
                  &lt;button
                    class=&quot;cancel-btn&quot;
                    title=&quot;Cancel enrollment&quot;
                  &gt;
                    ❌
                  &lt;/button&gt;
                &lt;/li&gt;
                &lt;li&gt;
                  Charlie Davis (charlie@example.com)
                  &lt;button
                    class=&quot;cancel-btn&quot;
                    title=&quot;Cancel enrollment&quot;
                  &gt;
                    ❌
                  &lt;/button&gt;
                &lt;/li&gt;
              &lt;/ul&gt;
            &lt;/div&gt;
          &lt;/div&gt;
        &lt;/div&gt;
      &lt;/div&gt;
    &lt;/div&gt;
  &lt;/div&gt;
&lt;/body&gt;
    at Object.getElementError (/Users/nathanaronson/amp/dog-training-scheduler/node_modules/@testing-library/dom/dist/config.js:37:19)
    at /Users/nathanaronson/amp/dog-training-scheduler/node_modules/@testing-library/dom/dist/query-helpers.js:76:38
    at getAllByText (/Users/nathanaronson/amp/dog-training-scheduler/node_modules/@testing-library/dom/dist/query-helpers.js:109:15)
    at Object.&lt;anonymous&gt; (/Users/nathanaronson/amp/dog-training-scheduler/src/components/GroupClasses.test.tsx:97:34)
    at Promise.then.completed (/Users/nathanaronson/amp/dog-training-scheduler/node_modules/jest-circus/build/utils.js:391:28)
    at new Promise (&lt;anonymous&gt;)
    at callAsyncCircusFn (/Users/nathanaronson/amp/dog-training-scheduler/node_modules/jest-circus/build/utils.js:316:10)
    at _callCircusTest (/Users/nathanaronson/amp/dog-training-scheduler/node_modules/jest-circus/build/run.js:218:40)
    at processTicksAndRejections (node:internal/process/task_queues:105:5)
    at _runTest (/Users/nathanaronson/amp/dog-training-scheduler/node_modules/jest-circus/build/run.js:155:3)
    at _runTestsForDescribeBlock (/Users/nathanaronson/amp/dog-training-scheduler/node_modules/jest-circus/build/run.js:66:9)
    at _runTestsForDescribeBlock (/Users/nathanaronson/amp/dog-training-scheduler/node_modules/jest-circus/build/run.js:60:9)
    at run (/Users/nathanaronson/amp/dog-training-scheduler/node_modules/jest-circus/build/run.js:25:3)
    at runAndTransformResultsToJestFormat (/Users/nathanaronson/amp/dog-training-scheduler/node_modules/jest-circus/build/legacy-code-todo-rewrite/jestAdapterInit.js:170:21)
    at jestAdapter (/Users/nathanaronson/amp/dog-training-scheduler/node_modules/jest-circus/build/legacy-code-todo-rewrite/jestAdapter.js:82:19)
    at runTestInternal (/Users/nathanaronson/amp/dog-training-scheduler/node_modules/jest-runner/build/runTest.js:389:16)
    at runTest (/Users/nathanaronson/amp/dog-training-scheduler/node_modules/jest-runner/build/runTest.js:475:34)
    at Object.worker (/Users/nathanaronson/amp/dog-training-scheduler/node_modules/jest-runner/build/testWorker.js:133:12)</failure>
    </testcase>
    <testcase classname="GroupClasses Component validates enrollment form fields" name="GroupClasses Component validates enrollment form fields" time="0.014">
      <failure>TestingLibraryElementError: Unable to find an element with the text: Enroll Now. This could be because the text is broken up by multiple elements. In this case, you can provide a function for your text matcher to make your matcher more flexible.

Ignored nodes: comments, script, style
&lt;body&gt;
  &lt;div&gt;
    &lt;div
      class=&quot;group-classes&quot;
    &gt;
      &lt;div
        class=&quot;card&quot;
      &gt;
        &lt;h2&gt;
          🐩 Group Training Classes 🐩
        &lt;/h2&gt;
        &lt;div
          class=&quot;enrollment-form&quot;
        &gt;
          &lt;h3&gt;
            Client Information
          &lt;/h3&gt;
          &lt;div
            class=&quot;form-row&quot;
          &gt;
            &lt;input
              placeholder=&quot;Your Name&quot;
              type=&quot;text&quot;
              value=&quot;&quot;
            /&gt;
            &lt;input
              placeholder=&quot;Your Email&quot;
              type=&quot;email&quot;
              value=&quot;&quot;
            /&gt;
          &lt;/div&gt;
        &lt;/div&gt;
        &lt;div
          class=&quot;classes-grid&quot;
        &gt;
          &lt;div
            class=&quot;class-card&quot;
          &gt;
            &lt;div
              class=&quot;class-header&quot;
            &gt;
              &lt;h3&gt;
                Foundation Skills
              &lt;/h3&gt;
              &lt;span
                class=&quot;level-badge&quot;
                style=&quot;background-color: rgb(233, 30, 99);&quot;
              &gt;
                Introductory skills
              &lt;/span&gt;
            &lt;/div&gt;
            &lt;p
              class=&quot;class-description&quot;
            &gt;
              Perfect for dogs learning their first commands!
            &lt;/p&gt;
            &lt;div
              class=&quot;class-details&quot;
            &gt;
              &lt;div
                class=&quot;detail-item&quot;
              &gt;
                &lt;strong&gt;
                  📅 Schedule:
                &lt;/strong&gt;
                 
                Tuesdays &amp; Thursdays, 10:00 AM - 11:00 AM
              &lt;/div&gt;
              &lt;div
                class=&quot;detail-item&quot;
              &gt;
                &lt;strong&gt;
                  💰 Price:
                &lt;/strong&gt;
                 $
                120
                 (4 weeks)
              &lt;/div&gt;
              &lt;div
                class=&quot;detail-item&quot;
              &gt;
                &lt;strong&gt;
                  👥 Spots Available:
                &lt;/strong&gt;
                &lt;span
                  class=&quot;full&quot;
                &gt;
                  0
                   / 
                  8
                &lt;/span&gt;
              &lt;/div&gt;
            &lt;/div&gt;
            &lt;button
              class=&quot;btn enroll-btn&quot;
              disabled=&quot;&quot;
            &gt;
              Join Waitlist 📝
            &lt;/button&gt;
          &lt;/div&gt;
          &lt;div
            class=&quot;class-card&quot;
          &gt;
            &lt;div
              class=&quot;class-header&quot;
            &gt;
              &lt;h3&gt;
                Puppy Foundations
              &lt;/h3&gt;
              &lt;span
                class=&quot;level-badge&quot;
                style=&quot;background-color: rgb(233, 30, 99);&quot;
              &gt;
                Puppy
              &lt;/span&gt;
            &lt;/div&gt;
            &lt;p
              class=&quot;class-description&quot;
            &gt;
              Socialization and basic training for puppies 8-16 weeks old.
            &lt;/p&gt;
            &lt;div
              class=&quot;class-details&quot;
            &gt;
              &lt;div
                class=&quot;detail-item&quot;
              &gt;
                &lt;strong&gt;
                  📅 Schedule:
                &lt;/strong&gt;
                 
                Saturdays, 2:00 PM - 3:30 PM
              &lt;/div&gt;
              &lt;div
                class=&quot;detail-item&quot;
              &gt;
                &lt;strong&gt;
                  💰 Price:
                &lt;/strong&gt;
                 $
                180
                 (4 weeks)
              &lt;/div&gt;
              &lt;div
                class=&quot;detail-item&quot;
              &gt;
                &lt;strong&gt;
                  👥 Spots Available:
                &lt;/strong&gt;
                &lt;span
                  class=&quot;available&quot;
                &gt;
                  5
                   / 
                  6
                &lt;/span&gt;
              &lt;/div&gt;
            &lt;/div&gt;
            &lt;button
              class=&quot;btn enroll-btn&quot;
              disabled=&quot;&quot;
            &gt;
              Enroll Now! 💖
            &lt;/button&gt;
            &lt;div
              class=&quot;enrolled-list&quot;
            &gt;
              &lt;strong&gt;
                Enrolled Students:
              &lt;/strong&gt;
              &lt;ul&gt;
                &lt;li&gt;
                  John Doe (john@example.com)
                  &lt;button
                    class=&quot;cancel-btn&quot;
                    title=&quot;Cancel enrollment&quot;
                  &gt;
                    ❌
                  &lt;/button&gt;
                &lt;/li&gt;
                &lt;li&gt;
                  Jane Smith (jane@example.com)
                  &lt;button
                    class=&quot;cancel-btn&quot;
                    title=&quot;Cancel enrollment&quot;
                  &gt;
                    ❌
                  &lt;/button&gt;
                &lt;/li&gt;
                &lt;li&gt;
                  Bob Wilson (bob@example.com)
                  &lt;button
                    class=&quot;cancel-btn&quot;
                    title=&quot;Cancel enrollment&quot;
                  &gt;
                    ❌
                  &lt;/button&gt;
                &lt;/li&gt;
                &lt;li&gt;
                  Alice Brown (alice@example.com)
                  &lt;button
                    class=&quot;cancel-btn&quot;
                    title=&quot;Cancel enrollment&quot;
                  &gt;
                    ❌
                  &lt;/button&gt;
                &lt;/li&gt;
                &lt;li&gt;
                  Charlie Davis (charlie@example.com)
                  &lt;button
                    class=&quot;cancel-btn&quot;
                    title=&quot;Cancel enrollment&quot;
                  &gt;
                    ❌
                  &lt;/button&gt;
                &lt;/li&gt;
              &lt;/ul&gt;
            &lt;/div&gt;
          &lt;/div&gt;
        &lt;/div&gt;
      &lt;/div&gt;
    &lt;/div&gt;
  &lt;/div&gt;
&lt;/body&gt;
    at Object.getElementError (/Users/nathanaronson/amp/dog-training-scheduler/node_modules/@testing-library/dom/dist/config.js:37:19)
    at /Users/nathanaronson/amp/dog-training-scheduler/node_modules/@testing-library/dom/dist/query-helpers.js:76:38
    at getAllByText (/Users/nathanaronson/amp/dog-training-scheduler/node_modules/@testing-library/dom/dist/query-helpers.js:109:15)
    at Object.&lt;anonymous&gt; (/Users/nathanaronson/amp/dog-training-scheduler/src/components/GroupClasses.test.tsx:110:34)
    at Promise.then.completed (/Users/nathanaronson/amp/dog-training-scheduler/node_modules/jest-circus/build/utils.js:391:28)
    at new Promise (&lt;anonymous&gt;)
    at callAsyncCircusFn (/Users/nathanaronson/amp/dog-training-scheduler/node_modules/jest-circus/build/utils.js:316:10)
    at _callCircusTest (/Users/nathanaronson/amp/dog-training-scheduler/node_modules/jest-circus/build/run.js:218:40)
    at processTicksAndRejections (node:internal/process/task_queues:105:5)
    at _runTest (/Users/nathanaronson/amp/dog-training-scheduler/node_modules/jest-circus/build/run.js:155:3)
    at _runTestsForDescribeBlock (/Users/nathanaronson/amp/dog-training-scheduler/node_modules/jest-circus/build/run.js:66:9)
    at _runTestsForDescribeBlock (/Users/nathanaronson/amp/dog-training-scheduler/node_modules/jest-circus/build/run.js:60:9)
    at run (/Users/nathanaronson/amp/dog-training-scheduler/node_modules/jest-circus/build/run.js:25:3)
    at runAndTransformResultsToJestFormat (/Users/nathanaronson/amp/dog-training-scheduler/node_modules/jest-circus/build/legacy-code-todo-rewrite/jestAdapterInit.js:170:21)
    at jestAdapter (/Users/nathanaronson/amp/dog-training-scheduler/node_modules/jest-circus/build/legacy-code-todo-rewrite/jestAdapter.js:82:19)
    at runTestInternal (/Users/nathanaronson/amp/dog-training-scheduler/node_modules/jest-runner/build/runTest.js:389:16)
    at runTest (/Users/nathanaronson/amp/dog-training-scheduler/node_modules/jest-runner/build/runTest.js:475:34)
    at Object.worker (/Users/nathanaronson/amp/dog-training-scheduler/node_modules/jest-runner/build/testWorker.js:133:12)</failure>
    </testcase>
    <testcase classname="GroupClasses Component successfully enrolls student in available class" name="GroupClasses Component successfully enrolls student in available class" time="0.012">
      <failure>TestingLibraryElementError: Unable to find an element with the text: Enroll Now. This could be because the text is broken up by multiple elements. In this case, you can provide a function for your text matcher to make your matcher more flexible.

Ignored nodes: comments, script, style
&lt;body&gt;
  &lt;div&gt;
    &lt;div
      class=&quot;group-classes&quot;
    &gt;
      &lt;div
        class=&quot;card&quot;
      &gt;
        &lt;h2&gt;
          🐩 Group Training Classes 🐩
        &lt;/h2&gt;
        &lt;div
          class=&quot;enrollment-form&quot;
        &gt;
          &lt;h3&gt;
            Client Information
          &lt;/h3&gt;
          &lt;div
            class=&quot;form-row&quot;
          &gt;
            &lt;input
              placeholder=&quot;Your Name&quot;
              type=&quot;text&quot;
              value=&quot;&quot;
            /&gt;
            &lt;input
              placeholder=&quot;Your Email&quot;
              type=&quot;email&quot;
              value=&quot;&quot;
            /&gt;
          &lt;/div&gt;
        &lt;/div&gt;
        &lt;div
          class=&quot;classes-grid&quot;
        &gt;
          &lt;div
            class=&quot;class-card&quot;
          &gt;
            &lt;div
              class=&quot;class-header&quot;
            &gt;
              &lt;h3&gt;
                Foundation Skills
              &lt;/h3&gt;
              &lt;span
                class=&quot;level-badge&quot;
                style=&quot;background-color: rgb(233, 30, 99);&quot;
              &gt;
                Introductory skills
              &lt;/span&gt;
            &lt;/div&gt;
            &lt;p
              class=&quot;class-description&quot;
            &gt;
              Perfect for dogs learning their first commands!
            &lt;/p&gt;
            &lt;div
              class=&quot;class-details&quot;
            &gt;
              &lt;div
                class=&quot;detail-item&quot;
              &gt;
                &lt;strong&gt;
                  📅 Schedule:
                &lt;/strong&gt;
                 
                Tuesdays &amp; Thursdays, 10:00 AM - 11:00 AM
              &lt;/div&gt;
              &lt;div
                class=&quot;detail-item&quot;
              &gt;
                &lt;strong&gt;
                  💰 Price:
                &lt;/strong&gt;
                 $
                120
                 (4 weeks)
              &lt;/div&gt;
              &lt;div
                class=&quot;detail-item&quot;
              &gt;
                &lt;strong&gt;
                  👥 Spots Available:
                &lt;/strong&gt;
                &lt;span
                  class=&quot;full&quot;
                &gt;
                  0
                   / 
                  8
                &lt;/span&gt;
              &lt;/div&gt;
            &lt;/div&gt;
            &lt;button
              class=&quot;btn enroll-btn&quot;
              disabled=&quot;&quot;
            &gt;
              Join Waitlist 📝
            &lt;/button&gt;
          &lt;/div&gt;
          &lt;div
            class=&quot;class-card&quot;
          &gt;
            &lt;div
              class=&quot;class-header&quot;
            &gt;
              &lt;h3&gt;
                Puppy Foundations
              &lt;/h3&gt;
              &lt;span
                class=&quot;level-badge&quot;
                style=&quot;background-color: rgb(233, 30, 99);&quot;
              &gt;
                Puppy
              &lt;/span&gt;
            &lt;/div&gt;
            &lt;p
              class=&quot;class-description&quot;
            &gt;
              Socialization and basic training for puppies 8-16 weeks old.
            &lt;/p&gt;
            &lt;div
              class=&quot;class-details&quot;
            &gt;
              &lt;div
                class=&quot;detail-item&quot;
              &gt;
                &lt;strong&gt;
                  📅 Schedule:
                &lt;/strong&gt;
                 
                Saturdays, 2:00 PM - 3:30 PM
              &lt;/div&gt;
              &lt;div
                class=&quot;detail-item&quot;
              &gt;
                &lt;strong&gt;
                  💰 Price:
                &lt;/strong&gt;
                 $
                180
                 (4 weeks)
              &lt;/div&gt;
              &lt;div
                class=&quot;detail-item&quot;
              &gt;
                &lt;strong&gt;
                  👥 Spots Available:
                &lt;/strong&gt;
                &lt;span
                  class=&quot;available&quot;
                &gt;
                  5
                   / 
                  6
                &lt;/span&gt;
              &lt;/div&gt;
            &lt;/div&gt;
            &lt;button
              class=&quot;btn enroll-btn&quot;
              disabled=&quot;&quot;
            &gt;
              Enroll Now! 💖
            &lt;/button&gt;
            &lt;div
              class=&quot;enrolled-list&quot;
            &gt;
              &lt;strong&gt;
                Enrolled Students:
              &lt;/strong&gt;
              &lt;ul&gt;
                &lt;li&gt;
                  John Doe (john@example.com)
                  &lt;button
                    class=&quot;cancel-btn&quot;
                    title=&quot;Cancel enrollment&quot;
                  &gt;
                    ❌
                  &lt;/button&gt;
                &lt;/li&gt;
                &lt;li&gt;
                  Jane Smith (jane@example.com)
                  &lt;button
                    class=&quot;cancel-btn&quot;
                    title=&quot;Cancel enrollment&quot;
                  &gt;
                    ❌
                  &lt;/button&gt;
                &lt;/li&gt;
                &lt;li&gt;
                  Bob Wilson (bob@example.com)
                  &lt;button
                    class=&quot;cancel-btn&quot;
                    title=&quot;Cancel enrollment&quot;
                  &gt;
                    ❌
                  &lt;/button&gt;
                &lt;/li&gt;
                &lt;li&gt;
                  Alice Brown (alice@example.com)
                  &lt;button
                    class=&quot;cancel-btn&quot;
                    title=&quot;Cancel enrollment&quot;
                  &gt;
                    ❌
                  &lt;/button&gt;
                &lt;/li&gt;
                &lt;li&gt;
                  Charlie Davis (charlie@example.com)
                  &lt;button
                    class=&quot;cancel-btn&quot;
                    title=&quot;Cancel enrollment&quot;
                  &gt;
                    ❌
                  &lt;/button&gt;
                &lt;/li&gt;
              &lt;/ul&gt;
            &lt;/div&gt;
          &lt;/div&gt;
        &lt;/div&gt;
      &lt;/div&gt;
    &lt;/div&gt;
  &lt;/div&gt;
&lt;/body&gt;
    at Object.getElementError (/Users/nathanaronson/amp/dog-training-scheduler/node_modules/@testing-library/dom/dist/config.js:37:19)
    at /Users/nathanaronson/amp/dog-training-scheduler/node_modules/@testing-library/dom/dist/query-helpers.js:76:38
    at getAllByText (/Users/nathanaronson/amp/dog-training-scheduler/node_modules/@testing-library/dom/dist/query-helpers.js:109:15)
    at Object.&lt;anonymous&gt; (/Users/nathanaronson/amp/dog-training-scheduler/src/components/GroupClasses.test.tsx:124:34)
    at Promise.then.completed (/Users/nathanaronson/amp/dog-training-scheduler/node_modules/jest-circus/build/utils.js:391:28)
    at new Promise (&lt;anonymous&gt;)
    at callAsyncCircusFn (/Users/nathanaronson/amp/dog-training-scheduler/node_modules/jest-circus/build/utils.js:316:10)
    at _callCircusTest (/Users/nathanaronson/amp/dog-training-scheduler/node_modules/jest-circus/build/run.js:218:40)
    at processTicksAndRejections (node:internal/process/task_queues:105:5)
    at _runTest (/Users/nathanaronson/amp/dog-training-scheduler/node_modules/jest-circus/build/run.js:155:3)
    at _runTestsForDescribeBlock (/Users/nathanaronson/amp/dog-training-scheduler/node_modules/jest-circus/build/run.js:66:9)
    at _runTestsForDescribeBlock (/Users/nathanaronson/amp/dog-training-scheduler/node_modules/jest-circus/build/run.js:60:9)
    at run (/Users/nathanaronson/amp/dog-training-scheduler/node_modules/jest-circus/build/run.js:25:3)
    at runAndTransformResultsToJestFormat (/Users/nathanaronson/amp/dog-training-scheduler/node_modules/jest-circus/build/legacy-code-todo-rewrite/jestAdapterInit.js:170:21)
    at jestAdapter (/Users/nathanaronson/amp/dog-training-scheduler/node_modules/jest-circus/build/legacy-code-todo-rewrite/jestAdapter.js:82:19)
    at runTestInternal (/Users/nathanaronson/amp/dog-training-scheduler/node_modules/jest-runner/build/runTest.js:389:16)
    at runTest (/Users/nathanaronson/amp/dog-training-scheduler/node_modules/jest-runner/build/runTest.js:475:34)
    at Object.worker (/Users/nathanaronson/amp/dog-training-scheduler/node_modules/jest-runner/build/testWorker.js:133:12)</failure>
    </testcase>
    <testcase classname="GroupClasses Component adds student to waitlist when class is full" name="GroupClasses Component adds student to waitlist when class is full" time="0.009">
      <failure>TestingLibraryElementError: Unable to find an element with the text: Join Waitlist. This could be because the text is broken up by multiple elements. In this case, you can provide a function for your text matcher to make your matcher more flexible.

Ignored nodes: comments, script, style
&lt;body&gt;
  &lt;div&gt;
    &lt;div
      class=&quot;group-classes&quot;
    &gt;
      &lt;div
        class=&quot;card&quot;
      &gt;
        &lt;h2&gt;
          🐩 Group Training Classes 🐩
        &lt;/h2&gt;
        &lt;div
          class=&quot;enrollment-form&quot;
        &gt;
          &lt;h3&gt;
            Client Information
          &lt;/h3&gt;
          &lt;div
            class=&quot;form-row&quot;
          &gt;
            &lt;input
              placeholder=&quot;Your Name&quot;
              type=&quot;text&quot;
              value=&quot;&quot;
            /&gt;
            &lt;input
              placeholder=&quot;Your Email&quot;
              type=&quot;email&quot;
              value=&quot;&quot;
            /&gt;
          &lt;/div&gt;
        &lt;/div&gt;
        &lt;div
          class=&quot;classes-grid&quot;
        &gt;
          &lt;div
            class=&quot;class-card&quot;
          &gt;
            &lt;div
              class=&quot;class-header&quot;
            &gt;
              &lt;h3&gt;
                Foundation Skills
              &lt;/h3&gt;
              &lt;span
                class=&quot;level-badge&quot;
                style=&quot;background-color: rgb(233, 30, 99);&quot;
              &gt;
                Introductory skills
              &lt;/span&gt;
            &lt;/div&gt;
            &lt;p
              class=&quot;class-description&quot;
            &gt;
              Perfect for dogs learning their first commands!
            &lt;/p&gt;
            &lt;div
              class=&quot;class-details&quot;
            &gt;
              &lt;div
                class=&quot;detail-item&quot;
              &gt;
                &lt;strong&gt;
                  📅 Schedule:
                &lt;/strong&gt;
                 
                Tuesdays &amp; Thursdays, 10:00 AM - 11:00 AM
              &lt;/div&gt;
              &lt;div
                class=&quot;detail-item&quot;
              &gt;
                &lt;strong&gt;
                  💰 Price:
                &lt;/strong&gt;
                 $
                120
                 (4 weeks)
              &lt;/div&gt;
              &lt;div
                class=&quot;detail-item&quot;
              &gt;
                &lt;strong&gt;
                  👥 Spots Available:
                &lt;/strong&gt;
                &lt;span
                  class=&quot;full&quot;
                &gt;
                  0
                   / 
                  8
                &lt;/span&gt;
              &lt;/div&gt;
            &lt;/div&gt;
            &lt;button
              class=&quot;btn enroll-btn&quot;
              disabled=&quot;&quot;
            &gt;
              Join Waitlist 📝
            &lt;/button&gt;
          &lt;/div&gt;
          &lt;div
            class=&quot;class-card&quot;
          &gt;
            &lt;div
              class=&quot;class-header&quot;
            &gt;
              &lt;h3&gt;
                Puppy Foundations
              &lt;/h3&gt;
              &lt;span
                class=&quot;level-badge&quot;
                style=&quot;background-color: rgb(233, 30, 99);&quot;
              &gt;
                Puppy
              &lt;/span&gt;
            &lt;/div&gt;
            &lt;p
              class=&quot;class-description&quot;
            &gt;
              Socialization and basic training for puppies 8-16 weeks old.
            &lt;/p&gt;
            &lt;div
              class=&quot;class-details&quot;
            &gt;
              &lt;div
                class=&quot;detail-item&quot;
              &gt;
                &lt;strong&gt;
                  📅 Schedule:
                &lt;/strong&gt;
                 
                Saturdays, 2:00 PM - 3:30 PM
              &lt;/div&gt;
              &lt;div
                class=&quot;detail-item&quot;
              &gt;
                &lt;strong&gt;
                  💰 Price:
                &lt;/strong&gt;
                 $
                180
                 (4 weeks)
              &lt;/div&gt;
              &lt;div
                class=&quot;detail-item&quot;
              &gt;
                &lt;strong&gt;
                  👥 Spots Available:
                &lt;/strong&gt;
                &lt;span
                  class=&quot;available&quot;
                &gt;
                  6
                   / 
                  6
                &lt;/span&gt;
              &lt;/div&gt;
            &lt;/div&gt;
            &lt;button
              class=&quot;btn enroll-btn&quot;
              disabled=&quot;&quot;
            &gt;
              Enroll Now! 💖
            &lt;/button&gt;
            &lt;div
              class=&quot;enrolled-list&quot;
            &gt;
              &lt;strong&gt;
                Enrolled Students:
              &lt;/strong&gt;
              &lt;ul&gt;
                &lt;li&gt;
                  John Doe (john@example.com)
                  &lt;button
                    class=&quot;cancel-btn&quot;
                    title=&quot;Cancel enrollment&quot;
                  &gt;
                    ❌
                  &lt;/button&gt;
                &lt;/li&gt;
                &lt;li&gt;
                  Jane Smith (jane@example.com)
                  &lt;button
                    class=&quot;cancel-btn&quot;
                    title=&quot;Cancel enrollment&quot;
                  &gt;
                    ❌
                  &lt;/button&gt;
                &lt;/li&gt;
                &lt;li&gt;
                  Bob Wilson (bob@example.com)
                  &lt;button
                    class=&quot;cancel-btn&quot;
                    title=&quot;Cancel enrollment&quot;
                  &gt;
                    ❌
                  &lt;/button&gt;
                &lt;/li&gt;
                &lt;li&gt;
                  Alice Brown (alice@example.com)
                  &lt;button
                    class=&quot;cancel-btn&quot;
                    title=&quot;Cancel enrollment&quot;
                  &gt;
                    ❌
                  &lt;/button&gt;
                &lt;/li&gt;
                &lt;li&gt;
                  Charlie Davis (charlie@example.com)
                  &lt;button
                    class=&quot;cancel-btn&quot;
                    title=&quot;Cancel enrollment&quot;
                  &gt;
                    ❌
                  &lt;/button&gt;
                &lt;/li&gt;
              &lt;/ul&gt;
            &lt;/div&gt;
          &lt;/div&gt;
        &lt;/div&gt;
      &lt;/div&gt;
    &lt;/div&gt;
  &lt;/div&gt;
&lt;/body&gt;
    at Object.getElementError (/Users/nathanaronson/amp/dog-training-scheduler/node_modules/@testing-library/dom/dist/config.js:37:19)
    at /Users/nathanaronson/amp/dog-training-scheduler/node_modules/@testing-library/dom/dist/query-helpers.js:76:38
    at getAllByText (/Users/nathanaronson/amp/dog-training-scheduler/node_modules/@testing-library/dom/dist/query-helpers.js:109:15)
    at Object.&lt;anonymous&gt; (/Users/nathanaronson/amp/dog-training-scheduler/src/components/GroupClasses.test.tsx:149:34)
    at Promise.then.completed (/Users/nathanaronson/amp/dog-training-scheduler/node_modules/jest-circus/build/utils.js:391:28)
    at new Promise (&lt;anonymous&gt;)
    at callAsyncCircusFn (/Users/nathanaronson/amp/dog-training-scheduler/node_modules/jest-circus/build/utils.js:316:10)
    at _callCircusTest (/Users/nathanaronson/amp/dog-training-scheduler/node_modules/jest-circus/build/run.js:218:40)
    at processTicksAndRejections (node:internal/process/task_queues:105:5)
    at _runTest (/Users/nathanaronson/amp/dog-training-scheduler/node_modules/jest-circus/build/run.js:155:3)
    at _runTestsForDescribeBlock (/Users/nathanaronson/amp/dog-training-scheduler/node_modules/jest-circus/build/run.js:66:9)
    at _runTestsForDescribeBlock (/Users/nathanaronson/amp/dog-training-scheduler/node_modules/jest-circus/build/run.js:60:9)
    at run (/Users/nathanaronson/amp/dog-training-scheduler/node_modules/jest-circus/build/run.js:25:3)
    at runAndTransformResultsToJestFormat (/Users/nathanaronson/amp/dog-training-scheduler/node_modules/jest-circus/build/legacy-code-todo-rewrite/jestAdapterInit.js:170:21)
    at jestAdapter (/Users/nathanaronson/amp/dog-training-scheduler/node_modules/jest-circus/build/legacy-code-todo-rewrite/jestAdapter.js:82:19)
    at runTestInternal (/Users/nathanaronson/amp/dog-training-scheduler/node_modules/jest-runner/build/runTest.js:389:16)
    at runTest (/Users/nathanaronson/amp/dog-training-scheduler/node_modules/jest-runner/build/runTest.js:475:34)
    at Object.worker (/Users/nathanaronson/amp/dog-training-scheduler/node_modules/jest-runner/build/testWorker.js:133:12)</failure>
    </testcase>
    <testcase classname="GroupClasses Component prevents duplicate enrollment" name="GroupClasses Component prevents duplicate enrollment" time="0.015">
      <failure>TestingLibraryElementError: Unable to find an element with the text: Enroll Now. This could be because the text is broken up by multiple elements. In this case, you can provide a function for your text matcher to make your matcher more flexible.

Ignored nodes: comments, script, style
&lt;body&gt;
  &lt;div&gt;
    &lt;div
      class=&quot;group-classes&quot;
    &gt;
      &lt;div
        class=&quot;card&quot;
      &gt;
        &lt;h2&gt;
          🐩 Group Training Classes 🐩
        &lt;/h2&gt;
        &lt;div
          class=&quot;enrollment-form&quot;
        &gt;
          &lt;h3&gt;
            Client Information
          &lt;/h3&gt;
          &lt;div
            class=&quot;form-row&quot;
          &gt;
            &lt;input
              placeholder=&quot;Your Name&quot;
              type=&quot;text&quot;
              value=&quot;&quot;
            /&gt;
            &lt;input
              placeholder=&quot;Your Email&quot;
              type=&quot;email&quot;
              value=&quot;&quot;
            /&gt;
          &lt;/div&gt;
        &lt;/div&gt;
        &lt;div
          class=&quot;classes-grid&quot;
        &gt;
          &lt;div
            class=&quot;class-card&quot;
          &gt;
            &lt;div
              class=&quot;class-header&quot;
            &gt;
              &lt;h3&gt;
                Foundation Skills
              &lt;/h3&gt;
              &lt;span
                class=&quot;level-badge&quot;
                style=&quot;background-color: rgb(233, 30, 99);&quot;
              &gt;
                Introductory skills
              &lt;/span&gt;
            &lt;/div&gt;
            &lt;p
              class=&quot;class-description&quot;
            &gt;
              Perfect for dogs learning their first commands!
            &lt;/p&gt;
            &lt;div
              class=&quot;class-details&quot;
            &gt;
              &lt;div
                class=&quot;detail-item&quot;
              &gt;
                &lt;strong&gt;
                  📅 Schedule:
                &lt;/strong&gt;
                 
                Tuesdays &amp; Thursdays, 10:00 AM - 11:00 AM
              &lt;/div&gt;
              &lt;div
                class=&quot;detail-item&quot;
              &gt;
                &lt;strong&gt;
                  💰 Price:
                &lt;/strong&gt;
                 $
                120
                 (4 weeks)
              &lt;/div&gt;
              &lt;div
                class=&quot;detail-item&quot;
              &gt;
                &lt;strong&gt;
                  👥 Spots Available:
                &lt;/strong&gt;
                &lt;span
                  class=&quot;full&quot;
                &gt;
                  0
                   / 
                  8
                &lt;/span&gt;
              &lt;/div&gt;
            &lt;/div&gt;
            &lt;button
              class=&quot;btn enroll-btn&quot;
              disabled=&quot;&quot;
            &gt;
              Join Waitlist 📝
            &lt;/button&gt;
          &lt;/div&gt;
          &lt;div
            class=&quot;class-card&quot;
          &gt;
            &lt;div
              class=&quot;class-header&quot;
            &gt;
              &lt;h3&gt;
                Puppy Foundations
              &lt;/h3&gt;
              &lt;span
                class=&quot;level-badge&quot;
                style=&quot;background-color: rgb(233, 30, 99);&quot;
              &gt;
                Puppy
              &lt;/span&gt;
            &lt;/div&gt;
            &lt;p
              class=&quot;class-description&quot;
            &gt;
              Socialization and basic training for puppies 8-16 weeks old.
            &lt;/p&gt;
            &lt;div
              class=&quot;class-details&quot;
            &gt;
              &lt;div
                class=&quot;detail-item&quot;
              &gt;
                &lt;strong&gt;
                  📅 Schedule:
                &lt;/strong&gt;
                 
                Saturdays, 2:00 PM - 3:30 PM
              &lt;/div&gt;
              &lt;div
                class=&quot;detail-item&quot;
              &gt;
                &lt;strong&gt;
                  💰 Price:
                &lt;/strong&gt;
                 $
                180
                 (4 weeks)
              &lt;/div&gt;
              &lt;div
                class=&quot;detail-item&quot;
              &gt;
                &lt;strong&gt;
                  👥 Spots Available:
                &lt;/strong&gt;
                &lt;span
                  class=&quot;available&quot;
                &gt;
                  6
                   / 
                  6
                &lt;/span&gt;
              &lt;/div&gt;
            &lt;/div&gt;
            &lt;button
              class=&quot;btn enroll-btn&quot;
              disabled=&quot;&quot;
            &gt;
              Enroll Now! 💖
            &lt;/button&gt;
            &lt;div
              class=&quot;enrolled-list&quot;
            &gt;
              &lt;strong&gt;
                Enrolled Students:
              &lt;/strong&gt;
              &lt;ul&gt;
                &lt;li&gt;
                  John Doe (john@example.com)
                  &lt;button
                    class=&quot;cancel-btn&quot;
                    title=&quot;Cancel enrollment&quot;
                  &gt;
                    ❌
                  &lt;/button&gt;
                &lt;/li&gt;
                &lt;li&gt;
                  Jane Smith (jane@example.com)
                  &lt;button
                    class=&quot;cancel-btn&quot;
                    title=&quot;Cancel enrollment&quot;
                  &gt;
                    ❌
                  &lt;/button&gt;
                &lt;/li&gt;
                &lt;li&gt;
                  Bob Wilson (bob@example.com)
                  &lt;button
                    class=&quot;cancel-btn&quot;
                    title=&quot;Cancel enrollment&quot;
                  &gt;
                    ❌
                  &lt;/button&gt;
                &lt;/li&gt;
                &lt;li&gt;
                  Alice Brown (alice@example.com)
                  &lt;button
                    class=&quot;cancel-btn&quot;
                    title=&quot;Cancel enrollment&quot;
                  &gt;
                    ❌
                  &lt;/button&gt;
                &lt;/li&gt;
                &lt;li&gt;
                  Charlie Davis (charlie@example.com)
                  &lt;button
                    class=&quot;cancel-btn&quot;
                    title=&quot;Cancel enrollment&quot;
                  &gt;
                    ❌
                  &lt;/button&gt;
                &lt;/li&gt;
              &lt;/ul&gt;
            &lt;/div&gt;
          &lt;/div&gt;
        &lt;/div&gt;
      &lt;/div&gt;
    &lt;/div&gt;
  &lt;/div&gt;
&lt;/body&gt;
    at Object.getElementError (/Users/nathanaronson/amp/dog-training-scheduler/node_modules/@testing-library/dom/dist/config.js:37:19)
    at /Users/nathanaronson/amp/dog-training-scheduler/node_modules/@testing-library/dom/dist/query-helpers.js:76:38
    at getAllByText (/Users/nathanaronson/amp/dog-training-scheduler/node_modules/@testing-library/dom/dist/query-helpers.js:109:15)
    at Object.&lt;anonymous&gt; (/Users/nathanaronson/amp/dog-training-scheduler/src/components/GroupClasses.test.tsx:166:34)
    at Promise.then.completed (/Users/nathanaronson/amp/dog-training-scheduler/node_modules/jest-circus/build/utils.js:391:28)
    at new Promise (&lt;anonymous&gt;)
    at callAsyncCircusFn (/Users/nathanaronson/amp/dog-training-scheduler/node_modules/jest-circus/build/utils.js:316:10)
    at _callCircusTest (/Users/nathanaronson/amp/dog-training-scheduler/node_modules/jest-circus/build/run.js:218:40)
    at processTicksAndRejections (node:internal/process/task_queues:105:5)
    at _runTest (/Users/nathanaronson/amp/dog-training-scheduler/node_modules/jest-circus/build/run.js:155:3)
    at _runTestsForDescribeBlock (/Users/nathanaronson/amp/dog-training-scheduler/node_modules/jest-circus/build/run.js:66:9)
    at _runTestsForDescribeBlock (/Users/nathanaronson/amp/dog-training-scheduler/node_modules/jest-circus/build/run.js:60:9)
    at run (/Users/nathanaronson/amp/dog-training-scheduler/node_modules/jest-circus/build/run.js:25:3)
    at runAndTransformResultsToJestFormat (/Users/nathanaronson/amp/dog-training-scheduler/node_modules/jest-circus/build/legacy-code-todo-rewrite/jestAdapterInit.js:170:21)
    at jestAdapter (/Users/nathanaronson/amp/dog-training-scheduler/node_modules/jest-circus/build/legacy-code-todo-rewrite/jestAdapter.js:82:19)
    at runTestInternal (/Users/nathanaronson/amp/dog-training-scheduler/node_modules/jest-runner/build/runTest.js:389:16)
    at runTest (/Users/nathanaronson/amp/dog-training-scheduler/node_modules/jest-runner/build/runTest.js:475:34)
    at Object.worker (/Users/nathanaronson/amp/dog-training-scheduler/node_modules/jest-runner/build/testWorker.js:133:12)</failure>
    </testcase>
[...]
                        Sat
                      &lt;/div&gt;
                      &lt;div
                        class=&quot;calendar-cell&quot;
                      /&gt;
                      &lt;div
                        class=&quot;calendar-cell&quot;
                      /&gt;
                      &lt;div
                        class=&quot;calendar-cell&quot;
                      /&gt;
                      &lt;div
                        class=&quot;calendar-cell&quot;
                      /&gt;
                      &lt;div
                        class=&quot;calendar-cell&quot;
                      /&gt;
                      &lt;div
                        class=&quot;calendar-cell&quot;
                      &gt;
                        &lt;button
                          class=&quot;date-btn  past&quot;
                          disabled=&quot;&quot;
                          type=&quot;button&quot;
                        &gt;
                          1
                        &lt;/button&gt;
                      &lt;/div&gt;
                      &lt;div
                        class=&quot;calendar-cell&quot;
                      &gt;
                        &lt;button
                          class=&quot;date-btn  past&quot;
                          disabled=&quot;&quot;
                          type=&quot;button&quot;
                        &gt;
                          2
                        &lt;/button&gt;
                      &lt;/div&gt;
                      &lt;div
                        class=&quot;calendar-cell&quot;
                      &gt;
                        &lt;button
                          class=&quot;date-btn  past&quot;
                          disabled=&quot;&quot;
                          type=&quot;button&quot;
                        &gt;
                          3
                        &lt;/button&gt;
                      &lt;/div&gt;
                      &lt;div
                        class=&quot;calendar-cell&quot;
                      &gt;
                        &lt;button
                          class=&quot;date-btn  past&quot;
                          disabled=&quot;&quot;
                          type=&quot;button&quot;
                        &gt;
                          4
                        &lt;/button&gt;
                      &lt;/div&gt;
                      &lt;div
                        class=&quot;calendar-cell&quot;
                      &gt;
                        &lt;button
                          class=&quot;date-btn  past&quot;
                          disabled=&quot;&quot;
                          type=&quot;button&quot;
                        &gt;
                          5
                        &lt;/button&gt;
                      &lt;/div&gt;
                      &lt;div
                        class=&quot;calendar-cell&quot;
                      &gt;
                        &lt;button
                          class=&quot;date-btn  past&quot;
                          disabled=&quot;&quot;
                          type=&quot;button&quot;
                        &gt;
                          6
                        &lt;/button&gt;
                      &lt;/div&gt;
                      &lt;div
                        class=&quot;calendar-cell&quot;
                      &gt;
                        &lt;button
                          class=&quot;date-btn  past&quot;
                          disabled=&quot;&quot;
                          type=&quot;button&quot;
                        &gt;
                          7
                        &lt;/button&gt;
                      &lt;/div&gt;
                      &lt;div
                        class=&quot;calendar-cell&quot;
                      &gt;
                        &lt;button
                          class=&quot;date-btn  past&quot;
                          disabled=&quot;&quot;
                          type=&quot;button&quot;
                        &gt;
                          8
                        &lt;/button&gt;
                      &lt;/div&gt;
                      &lt;div
                        class=&quot;calendar-cell&quot;
                      &gt;
                        &lt;button
                          class=&quot;date-btn  past&quot;
                          disabled=&quot;&quot;
                          type=&quot;button&quot;
                        &gt;
                          9
                        &lt;/button&gt;
                      &lt;/div&gt;
                      &lt;div
                        class=&quot;calendar-cell&quot;
                      &gt;
                        &lt;button
                          class=&quot;date-btn  &quot;
                          type=&quot;button&quot;
                        &gt;
                          10
                        &lt;/button&gt;
                      &lt;/div&gt;
                      &lt;div
                        class=&quot;calendar-cell&quot;
                      &gt;
                        &lt;button
                          class=&quot;date-btn  &quot;
                          type=&quot;button&quot;
                        &gt;
                          11
                        &lt;/button&gt;
                      &lt;/div&gt;
                      &lt;div
                        class=&quot;calendar-cell&quot;
                      &gt;
                        &lt;button
                          class=&quot;date-btn  &quot;
                          type=&quot;button&quot;
                        &gt;
                          12
                        &lt;/button&gt;
                      &lt;/div&gt;
                      &lt;div
                        class=&quot;calendar-cell&quot;
                      &gt;
                        &lt;button
                          class=&quot;date-btn  &quot;
                          type=&quot;button&quot;
                        &gt;
                          13
                        &lt;/button&gt;
                      &lt;/div&gt;
                      &lt;div
                        class=&quot;calendar-cell&quot;
                      &gt;
                        &lt;button
                          class=&quot;date-btn  &quot;
                          type=&quot;button&quot;
                        &gt;
                          14
                        &lt;/button&gt;
                      &lt;/div&gt;
                      &lt;div
                        class=&quot;calendar-cell&quot;
                      &gt;
                        &lt;button
                          class=&quot;date-btn  &quot;
                          type=&quot;button&quot;
                        &gt;
                          15
                        &lt;/button&gt;
                      &lt;/div&gt;
                      &lt;div
                        class=&quot;calendar-cell&quot;
                      &gt;
                        &lt;button
                          class=&quot;date-btn  &quot;
                          type=&quot;button&quot;
                        &gt;
                          16
                        &lt;/button&gt;
                      &lt;/div&gt;
                      &lt;div
                        class=&quot;calendar-cell&quot;
                      &gt;
                        &lt;button
                          class=&quot;date-btn  &quot;
                          type=&quot;button&quot;
                        &gt;
                          17
                        &lt;/button&gt;
                      &lt;/div&gt;
                      &lt;div
                        class=&quot;calendar-cell&quot;
                      &gt;
                        &lt;button
                          class=&quot;date-btn  &quot;
                          type=&quot;button&quot;
                        &gt;
                          18
                        &lt;/button&gt;
                      &lt;/div&gt;
                      &lt;div
                        class=&quot;calendar-cell&quot;
                      &gt;
                        &lt;button
                          class=&quot;date-btn  &quot;
                          type=&quot;button&quot;
                        &gt;
                          19
                        &lt;/button&gt;
                      &lt;/div&gt;
                      &lt;div
                        class=&quot;calendar-cell&quot;
                      &gt;
                        &lt;button
                          class=&quot;date-btn  &quot;
                          type=&quot;button&quot;
                        &gt;
                          20
                        &lt;/button&gt;
                      &lt;/div&gt;
                      &lt;div
                        class=&quot;calendar-cell&quot;
                      &gt;
                        &lt;button
                          class=&quot;date-btn  &quot;
                          type=&quot;button&quot;
                        &gt;
                          21
                        &lt;/button&gt;
                      &lt;/div&gt;
                      &lt;div
                        class=&quot;calendar-cell&quot;
                      &gt;
                        &lt;button
                          class=&quot;date-btn  &quot;
                          type=&quot;button&quot;
                        &gt;
                          22
                        &lt;/button&gt;
                      &lt;/div&gt;
                      &lt;div
                        class=&quot;calendar-cell&quot;
                      &gt;
                        &lt;button
                          class=&quot;date-btn  &quot;
                          type=&quot;button&quot;
                        &gt;
                          23
                        &lt;/button&gt;
                      &lt;/div&gt;
                      &lt;div
                        class=&quot;calendar-cell&quot;
                      &gt;
                        &lt;button
                          class=&quot;date-btn  &quot;
                          type=&quot;button&quot;
                        &gt;
                          24
                        &lt;/button&gt;
                      &lt;/div&gt;
                      &lt;div
                        class=&quot;calendar-cell&quot;
                      &gt;
                        &lt;button
                          class=&quot;date-btn  &quot;
                          type=&quot;button&quot;
                        &gt;
                          25
                        &lt;/button&gt;
                      &lt;/div&gt;
                      &lt;div
                        class=&quot;calendar-cell&quot;
                      &gt;
                        &lt;button
                          class=&quot;date-btn  &quot;
                          type=&quot;button&quot;
                        &gt;
                          26
                        &lt;/button&gt;
                      &lt;/div&gt;
                      &lt;div
                        class=&quot;calendar-cell&quot;
                      &gt;
                        &lt;button
                          class=&quot;date-btn  &quot;
                          type=&quot;button&quot;
                        &gt;
                          27
                        &lt;/button&gt;
                      &lt;/div&gt;
                      &lt;div
                        class=&quot;calendar-cell&quot;
                      &gt;
                        &lt;button
                          class=&quot;date-btn  &quot;
                          type=&quot;button&quot;
                        &gt;
                          28
                        &lt;/button&gt;
                      &lt;/div&gt;
                      &lt;div
                        class=&quot;calendar-cell&quot;
                      &gt;
                        &lt;button
                          class=&quot;date-btn  &quot;
                          type=&quot;button&quot;
                        &gt;
                          29
                        &lt;/button&gt;
                      &lt;/div&gt;
                      &lt;div
                        class=&quot;calendar-cell&quot;
                      &gt;
                        &lt;button
                          class=&quot;date-btn  &quot;
                          type=&quot;button&quot;
                        &gt;
                          30
                        &lt;/button&gt;
                      &lt;/div&gt;
                      &lt;div
                        class=&quot;calendar-cell&quot;
                      &gt;
                        &lt;button
                          class=&quot;date-btn  &quot;
                          type=&quot;button&quot;
                        &gt;
                          31
                        &lt;/button&gt;
                      &lt;/div&gt;
                    &lt;/div&gt;
                  &lt;/div&gt;
                &lt;/div&gt;
                &lt;div
                  class=&quot;time-section&quot;
                &gt;
                  &lt;h4&gt;
                    Select Time Slots
                  &lt;/h4&gt;
                  &lt;div
                    class=&quot;time-grid&quot;
                  &gt;
                    &lt;label
                      class=&quot;time-option&quot;
                    &gt;
                      &lt;input
                        type=&quot;checkbox&quot;
                      /&gt;
                      &lt;span
                        class=&quot;time-label&quot;
                      &gt;
                        9:00 AM
                      &lt;/span&gt;
                    &lt;/label&gt;
                    &lt;label
                      class=&quot;time-option&quot;
                    &gt;
                      &lt;input
                        type=&quot;checkbox&quot;
                      /&gt;
                      &lt;span
                        class=&quot;time-label&quot;
                      &gt;
                        10:00 AM
                      &lt;/span&gt;
                    &lt;/label&gt;
                    &lt;label
                      class=&quot;time-option&quot;
                    &gt;
                      &lt;input
                        type=&quot;checkbox&quot;
                      /&gt;
                      &lt;span
                        class=&quot;time-label&quot;
                      &gt;
                        11:00 AM
                      &lt;/span&gt;
                    &lt;/label&gt;
                    &lt;label
                      class=&quot;time-option&quot;
                    &gt;
                      &lt;input
                        type=&quot;checkbox&quot;
                      /&gt;
                      &lt;span
                        class=&quot;time-label&quot;
                      &gt;
                        12:00 PM
                      &lt;/span&gt;
                    &lt;/label&gt;
                    &lt;label
                      class=&quot;time-option&quot;
                    &gt;
                      &lt;input
                        type=&quot;checkbox&quot;
                      /&gt;
                      &lt;span
                        class=&quot;time-label&quot;
                      &gt;
                        1:00 PM
                      &lt;/span&gt;
                    &lt;/label&gt;
                    &lt;label
                      class=&quot;time-option&quot;
                    &gt;
                      &lt;input
                        type=&quot;checkbox&quot;
                      /&gt;
                      &lt;span
                        class=&quot;time-label&quot;
                      &gt;
                        2:00 PM
                      &lt;/span&gt;
                    &lt;/label&gt;
                    &lt;label
                      class=&quot;time-option&quot;
                    &gt;
                      &lt;input
                        type=&quot;checkbox&quot;
                      /&gt;
                      &lt;span
                        class=&quot;time-label&quot;
                      &gt;
                        3:00 PM
                      &lt;/span&gt;
                    &lt;/label&gt;
                    &lt;label
                      class=&quot;time-option&quot;
                    &gt;
                      &lt;input
                        type=&quot;checkbox&quot;
                      /&gt;
                      &lt;span
                        class=&quot;time-label&quot;
                      &gt;
                        4:00 PM
                      &lt;/span&gt;
                    &lt;/label&gt;
                    &lt;label
                      class=&quot;time-option&quot;
                    &gt;
                      &lt;input
                        type=&quot;checkbox&quot;
                      /&gt;
                      &lt;span
                        class=&quot;time-label&quot;
                      &gt;
                        5:00 PM
                      &lt;/span&gt;
                    &lt;/label&gt;
                  &lt;/div&gt;
                &lt;/div&gt;
                &lt;div
                  class=&quot;add-slots-action&quot;
                &gt;
                  &lt;button
                    class=&quot;btn add-slots-btn&quot;
                    disabled=&quot;&quot;
                  &gt;
                    Add 
                    0
                     Time Slots
                  &lt;/button&gt;
                &lt;/div&gt;
              &lt;/div&gt;
            &lt;/div&gt;
            &lt;div
              class=&quot;card&quot;
            &gt;
              &lt;h3&gt;
                Available Slots (
                0
                )
              &lt;/h3&gt;
              &lt;div
                class=&quot;slots-grid&quot;
              &gt;
                &lt;p
                  class=&quot;no-items&quot;
                &gt;
                  No available slots. Add some above!
                &lt;/p&gt;
              &lt;/div&gt;
            &lt;/div&gt;
          &lt;/div&gt;
        &lt;/div&gt;
      &lt;/main&gt;
    &lt;/div&gt;
  &lt;/div&gt;
&lt;/body&gt;
    at waitForWrapper (/Users/nathanaronson/amp/dog-training-scheduler/node_modules/@testing-library/dom/dist/wait-for.js:163:27)
    at Object.&lt;anonymous&gt; (/Users/nathanaronson/amp/dog-training-scheduler/src/__tests__/integration/UserWorkflow.test.tsx:205:20)</failure>
    </testcase>
    <testcase classname="User Workflow Integration Tests Profile Management allows user to update their profile" name="User Workflow Integration Tests Profile Management allows user to update their profile" time="0.077">
    </testcase>
    <testcase classname="User Workflow Integration Tests Navigation and State Persistence maintains user session across navigation" name="User Workflow Integration Tests Navigation and State Persistence maintains user session across navigation" time="0.044">
    </testcase>
    <testcase classname="User Workflow Integration Tests Navigation and State Persistence handles logout correctly" name="User Workflow Integration Tests Navigation and State Persistence handles logout correctly" time="0.021">
    </testcase>
    <testcase classname="User Workflow Integration Tests Error Handling handles localStorage errors gracefully" name="User Workflow Integration Tests Error Handling handles localStorage errors gracefully" time="0.003">
    </testcase>
    <testcase classname="User Workflow Integration Tests Error Handling handles invalid JSON in localStorage" name="User Workflow Integration Tests Error Handling handles invalid JSON in localStorage" time="0.001">
    </testcase>
  </testsuite>
</testsuites>